2018-09-18 08:39:37      4A788E344869BD0A5901D6EA4E12B28B
2018-09-18 08:42:49      A6EEEF4BC47D8EFBCDBADB99343FEAD1
2018-09-18 08:45:11      EC67D3FCC5C5AC0B77AC1D726AB7774B
2018-09-18 08:48:55      BB36BE30DA85AA78C3C8ACCC1B74F7C3
2018-09-18 08:49:11      2B45A67019745E3600604B3DD4960488
2018-09-18 09:02:16      33709750755DF781783B72C3CBC7761C
2018-09-18 09:20:41      8E569BE10EF6D89E2D0618D205AB3349
2018-09-18 09:21:45      8BF5C7D23A946B2B0D62ED9AB2597861
2018-09-18 09:21:46      3B56BB26923C047B827032CA3563FE48
2018-09-18 09:21:49      C2618011AA1E2B8E999997CDFCEE6CAC
2018-09-18 09:24:49      438882828E23DAC812EB4A97594E7D5A
2018-09-18 09:25:12      1BBAF00D590069A4F9706A182D14E4ED
2018-09-18 09:25:47      45BD3A91E7A66ADEF310308D250FF884
2018-09-18 09:27:27      1019550491781879E97A6F2A37F68EC2
2018-09-18 09:28:26      6AFA628AEF9B2C6478D4EB97B7257CF2
2018-09-18 09:28:43      E0BC0D01F658D7F4E3DF925F531F4E33
2018-09-18 11:35:40      45F4B9344127EF46F5E0FC38AA70DAB1
2018-09-18 11:41:45      F800462E2C8882371F1B9F13DAB0BB11
2018-09-18 12:03:22      EE53337C1440C82F34DDB1273F6A8EED
2018-09-18 12:06:50      1B820F47FFF83AB47A8BDFAADF6F6626
2018-09-18 12:10:42      2C677D7FA0E719A3A82B84D9FFD571F7
2018-09-18 12:13:41      CEBCE4EFC6FE03430586FF4D1003322C
2018-09-18 12:18:16      A96703E10915053A34E150FD2F2DD44E
2018-09-18 12:22:27      A4DE74C02A6C8D563D1FB4349B44DC5E
2018-09-18 12:22:54      015311D6326B6F562228443DCB79459D
2018-09-18 12:23:42      B31C8DD7DB2502E9C2DB36F90BD00C6A
2018-09-18 12:26:59      DF41D82B41CF0EECE2BE5F25DD840929
